<?xml version="1.0" encoding="UTF-8"?>
<testsuite xmlns:xsi="http://www.w3.org/2001/XMLSchema-instance" xsi:noNamespaceSchemaLocation="https://maven.apache.org/surefire/maven-surefire-plugin/xsd/surefire-test-report-3.0.xsd" version="3.0" name="org.example.AppTest" time="372.159" tests="31" errors="0" skipped="0" failures="0">
  <properties>
    <property name="java.specification.version" value="21"/>
    <property name="sun.cpu.isalist" value="amd64"/>
    <property name="sun.jnu.encoding" value="Cp1251"/>
    <property name="java.class.path" value="D:\PC\code-projects\Software_Engineering_Homework_2\target\test-classes;D:\PC\code-projects\Software_Engineering_Homework_2\target\classes;C:\Users\leome\.m2\repository\junit\junit\4.13.2\junit-4.13.2.jar;C:\Users\leome\.m2\repository\org\hamcrest\hamcrest-core\1.3\hamcrest-core-1.3.jar;"/>
    <property name="java.vm.vendor" value="Oracle Corporation"/>
    <property name="sun.arch.data.model" value="64"/>
    <property name="user.variant" value=""/>
    <property name="java.vendor.url" value="https://java.oracle.com/"/>
    <property name="user.timezone" value="Europe/Moscow"/>
    <property name="os.name" value="Windows 11"/>
    <property name="java.vm.specification.version" value="21"/>
    <property name="sun.java.launcher" value="SUN_STANDARD"/>
    <property name="user.country" value="RU"/>
    <property name="sun.boot.library.path" value="C:\Users\leome\.jdks\openjdk-21.0.2\bin"/>
    <property name="sun.java.command" value="C:\Users\leome\AppData\Local\Temp\surefire1861627480136298023\surefirebooter-20240521170642808_3.jar C:\Users\leome\AppData\Local\Temp\surefire1861627480136298023 2024-05-21T17-06-42_702-jvmRun1 surefire-20240521170642808_1tmp surefire_0-20240521170642808_2tmp"/>
    <property name="jdk.debug" value="release"/>
    <property name="surefire.test.class.path" value="D:\PC\code-projects\Software_Engineering_Homework_2\target\test-classes;D:\PC\code-projects\Software_Engineering_Homework_2\target\classes;C:\Users\leome\.m2\repository\junit\junit\4.13.2\junit-4.13.2.jar;C:\Users\leome\.m2\repository\org\hamcrest\hamcrest-core\1.3\hamcrest-core-1.3.jar;"/>
    <property name="sun.cpu.endian" value="little"/>
    <property name="user.home" value="C:\Users\leome"/>
    <property name="user.language" value="ru"/>
    <property name="java.specification.vendor" value="Oracle Corporation"/>
    <property name="java.version.date" value="2024-01-16"/>
    <property name="java.home" value="C:\Users\leome\.jdks\openjdk-21.0.2"/>
    <property name="file.separator" value="\"/>
    <property name="basedir" value="D:\PC\code-projects\Software_Engineering_Homework_2"/>
    <property name="java.vm.compressedOopsMode" value="Zero based"/>
    <property name="line.separator" value="&#10;"/>
    <property name="java.vm.specification.vendor" value="Oracle Corporation"/>
    <property name="java.specification.name" value="Java Platform API Specification"/>
    <property name="surefire.real.class.path" value="C:\Users\leome\AppData\Local\Temp\surefire1861627480136298023\surefirebooter-20240521170642808_3.jar"/>
    <property name="user.script" value=""/>
    <property name="sun.management.compiler" value="HotSpot 64-Bit Tiered Compilers"/>
    <property name="java.runtime.version" value="21.0.2+13-58"/>
    <property name="user.name" value="leome"/>
    <property name="stdout.encoding" value="Cp1251"/>
    <property name="path.separator" value=";"/>
    <property name="os.version" value="10.0"/>
    <property name="java.runtime.name" value="OpenJDK Runtime Environment"/>
    <property name="file.encoding" value="UTF-8"/>
    <property name="java.vm.name" value="OpenJDK 64-Bit Server VM"/>
    <property name="localRepository" value="C:\Users\leome\.m2\repository"/>
    <property name="java.vendor.url.bug" value="https://bugreport.java.com/bugreport/"/>
    <property name="java.io.tmpdir" value="C:\Users\leome\AppData\Local\Temp\"/>
    <property name="idea.version" value="2024.1.1"/>
    <property name="java.version" value="21.0.2"/>
    <property name="user.dir" value="D:\PC\code-projects\Software_Engineering_Homework_2"/>
    <property name="os.arch" value="amd64"/>
    <property name="java.vm.specification.name" value="Java Virtual Machine Specification"/>
    <property name="sun.os.patch.level" value=""/>
    <property name="native.encoding" value="Cp1251"/>
    <property name="java.library.path" value="C:\Users\leome\.jdks\openjdk-21.0.2\bin;C:\Windows\Sun\Java\bin;C:\Windows\system32;C:\Windows;C:\Python312\Scripts\;C:\Python312\;C:\Program Files (x86)\Common Files\Oracle\Java\javapath;C:\Windows\system32;C:\Windows;C:\Windows\System32\Wbem;C:\Windows\System32\WindowsPowerShell\v1.0\;C:\Windows\System32\OpenSSH\;C:\Program Files\Go\bin;C:\;C:\ProgramData\chocolatey\bin;C:\Program Files\Docker\Docker\resources\bin;C:\Program Files\Git\cmd;C:\Users\leome\AppData\Local\Programs\Python\Python311\Scripts\;C:\Users\leome\AppData\Local\Programs\Python\Python311\;C:\Users\leome\AppData\Local\Microsoft\WindowsApps;;D:\Microsoft VS Code\bin;C:\Users\leome\go\bin;C:\Users\leome\AppData\Local\Programs\oh-my-posh\bin;D:\IntelliJ IDEA 2023.3.1\bin;;F:\CLion 2023.3.3\bin;;F:\PyCharm 2023.3.3\bin;;C:\Users\leome\AppData\Roaming\npm;."/>
    <property name="java.vm.info" value="mixed mode, sharing"/>
    <property name="stderr.encoding" value="Cp1251"/>
    <property name="java.vendor" value="Oracle Corporation"/>
    <property name="java.vm.version" value="21.0.2+13-58"/>
    <property name="sun.io.unicode.encoding" value="UnicodeLittle"/>
    <property name="java.class.version" value="65.0"/>
  </properties>
  <testcase name="test10" classname="org.example.AppTest" time="11.089"/>
  <testcase name="test11" classname="org.example.AppTest" time="11.616"/>
  <testcase name="test12" classname="org.example.AppTest" time="11.636"/>
  <testcase name="test13" classname="org.example.AppTest" time="11.573"/>
  <testcase name="test14" classname="org.example.AppTest" time="11.593"/>
  <testcase name="test15" classname="org.example.AppTest" time="11.574"/>
  <testcase name="test16" classname="org.example.AppTest" time="11.902"/>
  <testcase name="test17" classname="org.example.AppTest" time="11.596"/>
  <testcase name="test18" classname="org.example.AppTest" time="12.881"/>
  <testcase name="test19" classname="org.example.AppTest" time="11.704"/>
  <testcase name="test20" classname="org.example.AppTest" time="12.367"/>
  <testcase name="test21" classname="org.example.AppTest" time="11.943"/>
  <testcase name="test22" classname="org.example.AppTest" time="12.565"/>
  <testcase name="test23" classname="org.example.AppTest" time="11.75"/>
  <testcase name="test24" classname="org.example.AppTest" time="12.949"/>
  <testcase name="test25" classname="org.example.AppTest" time="13.496"/>
  <testcase name="test26" classname="org.example.AppTest" time="12.696"/>
  <testcase name="test27" classname="org.example.AppTest" time="13.187"/>
  <testcase name="test28" classname="org.example.AppTest" time="12.815"/>
  <testcase name="test29" classname="org.example.AppTest" time="12.235"/>
  <testcase name="test30" classname="org.example.AppTest" time="12.65"/>
  <testcase name="test31" classname="org.example.AppTest" time="12.129"/>
  <testcase name="test1" classname="org.example.AppTest" time="11.611"/>
  <testcase name="test2" classname="org.example.AppTest" time="11.585"/>
  <testcase name="test3" classname="org.example.AppTest" time="11.585"/>
  <testcase name="test4" classname="org.example.AppTest" time="11.568"/>
  <testcase name="test5" classname="org.example.AppTest" time="11.58"/>
  <testcase name="test6" classname="org.example.AppTest" time="11.568"/>
  <testcase name="test7" classname="org.example.AppTest" time="11.566"/>
  <testcase name="test8" classname="org.example.AppTest" time="11.581"/>
  <testcase name="test9" classname="org.example.AppTest" time="11.53"/>
</testsuite>